2016-07-22 23:33:45,254 DEBUG c.t.a.p.PdmlConfiguration input file to open :<bidon>
2016-07-22 23:33:45,259 DEBUG c.t.a.p.PdmlConfiguration separator: <,>
2016-07-22 23:33:45,259 DEBUG c.t.a.p.PdmlConfiguration limit :null
2016-07-22 23:33:45,265 DEBUG c.t.a.p.PdmlConfiguration filter :name: <http.request.uri> type: <FIELD> convertor: <defaultField>
2016-07-22 23:33:45,266 DEBUG c.t.a.p.PdmlConfiguration ouput :name: <http.request.uri> type: <FIELD> convertor: <defaultField>
2016-07-22 23:33:45,268 DEBUG c.t.a.p.PdmlConfiguration ouput :name: <http.request.uri> type: <PROTOCOL> convertor: <jsonConvertor>
2016-07-22 23:33:45,269 DEBUG c.t.a.p.PdmlConfiguration ouput :name: <http.request.uri> type: <FIELD> convertor: <defaultField>
2016-07-22 23:33:45,269 DEBUG c.t.a.p.PdmlConfiguration input file to open :</Users/oliviernicolas/Dev/workspace/wireshark-pdml/target/test-classes/packet.xml>
2016-07-22 23:33:45,270 DEBUG c.t.a.p.PdmlConfiguration separator: <,>
2016-07-22 23:33:45,270 DEBUG c.t.a.p.PdmlConfiguration limit :null
2016-07-22 23:33:45,270 DEBUG c.t.a.p.PdmlConfiguration filter :name: <http.request.uri> type: <FIELD> convertor: <defaultField>
2016-07-22 23:33:45,280 DEBUG c.t.a.p.PdmlConfiguration ouput :name: <http.request.uri> type: <FIELD> convertor: <defaultField>
2016-07-22 23:33:45,282 DEBUG c.t.a.p.PdmlConfiguration ouput :name: <http.request.uri> type: <PROTOCOL> convertor: <jsonConvertor>
2016-07-22 23:33:45,282 DEBUG c.t.a.p.PdmlConfiguration ouput :name: <http.request.uri> type: <FIELD> convertor: <defaultField>
2016-07-22 23:33:45,283 DEBUG c.t.a.p.PdmlConfiguration input file to open :</Users/oliviernicolas/Dev/workspace/wireshark-pdml/target/test-classes/packet.xml>
2016-07-22 23:33:45,346 DEBUG c.t.a.p.PdmlConfiguration separator: <|>
2016-07-22 23:33:45,346 DEBUG c.t.a.p.PdmlConfiguration limit :1
2016-07-22 23:33:45,346 DEBUG c.t.a.p.PdmlConfiguration filter :name: <http.request.uri> type: <FIELD> convertor: <defaultField>
2016-07-22 23:33:45,348 DEBUG c.t.a.p.PdmlConfiguration filter :name: <json> type: <PROTOCOL> convertor: <defaultProtocol>
2016-07-22 23:33:45,348 DEBUG c.t.a.p.PdmlConfiguration ouput :name: <timestamp> type: <FIELD> convertor: <defaultField>
2016-07-22 23:33:45,348 DEBUG c.t.a.p.PdmlConfiguration ouput :name: <http.request.method> type: <FIELD> convertor: <defaultField>
2016-07-22 23:33:45,348 DEBUG c.t.a.p.PdmlConfiguration ouput :name: <http.request.uri> type: <FIELD> convertor: <defaultField>
2016-07-22 23:33:45,350 DEBUG c.t.a.p.PdmlConfiguration ouput :name: <json> type: <PROTOCOL> convertor: <jsonConvertor>
2016-07-22 23:33:45,351 DEBUG c.t.a.p.PdmlConfiguration input file to open :</Users/oliviernicolas/Dev/workspace/wireshark-pdml/target/test-classes/pdml.xml>
2016-07-22 23:33:45,403 DEBUG c.t.a.p.r.ReportMaker 1) Rejected packet
2016-07-22 23:33:45,404 DEBUG c.t.a.p.r.ReportMaker   >  Reason : Expected to apply this filter <http.request.uri=/betslip/1.10/place> but the value was </accounts/1.2/checkuserstatus>
2016-07-22 23:33:45,404 DEBUG c.t.a.p.r.ReportMaker   >  Reason : Applied this filter  <http.request.uri=/betslip/1.10/place>  <json=JavaScript Object Notation: application/json>  but no value has been found
2016-07-22 23:33:45,476 DEBUG c.t.a.p.r.ReportMaker 2) Handled packet number 
2016-07-22 23:33:45,476 INFO c.t.a.p.r.ReportMaker Aug 27, 2015 10:51:52.273325000 IST|POST|/betslip/1.10/place|{"bets":[{"type":"SGL","stakePerLine":"5","legType":"W","legs":[{"sort":"--","parts":[{"outcome":"26942","price":{"num":"8","den":"11","type":"L"}}]}]}],"channel":"h","token":"+lXbGZWf6DWUweHKpe4s649yWZcBWpyOY5/tT5bxGX7WIbmOFJ6AlkyB+Gt4iobf0m1ntzJGFw=="}
2016-07-22 23:33:45,510 DEBUG c.t.a.p.r.ReportMaker 3) Handled packet number 
2016-07-22 23:33:45,513 INFO c.t.a.p.r.ReportMaker Aug 27, 2015 10:51:59.095329000 IST|POST|/betslip/1.10/place|{"bets":[{"type":"SGL","stakePerLine":"10","legType":"W","legs":[{"sort":"--","parts":[{"outcome":"26942","price":{"num":"8","den":"11","type":"L"}}]}]}],"channel":"h","token":"+lXbGZWf6DWUweHKpe4s649yWZcBWpyOY5/tT5bxGX7WIbmOFJ6AlkyB+Gt4iobf0m1ntzJGFw=="}
2016-07-22 23:33:45,555 DEBUG c.t.a.p.PdmlConfiguration separator: <|>
2016-07-22 23:33:45,556 DEBUG c.t.a.p.PdmlConfiguration limit :null
2016-07-22 23:33:45,556 DEBUG c.t.a.p.PdmlConfiguration filter :name: <http.request.uri> type: <FIELD> convertor: <defaultField>
2016-07-22 23:33:45,556 DEBUG c.t.a.p.PdmlConfiguration ouput :name: <http.request.uri> type: <FIELD> convertor: <defaultField>
2016-07-22 23:33:45,556 DEBUG c.t.a.p.PdmlConfiguration ouput :name: <http.request.post> type: <FIELD> convertor: <defaultField>
2016-07-22 23:33:45,557 DEBUG c.t.a.p.PdmlConfiguration ouput :name: <json> type: <PROTOCOL> convertor: <defaultProtocol>
2016-07-22 23:33:45,557 DEBUG c.t.a.p.PdmlConfiguration input file to open :</Users/oliviernicolas/Dev/workspace/wireshark-pdml/target/test-classes/boubou.xml>
2016-07-22 23:33:45,558 DEBUG c.t.a.p.r.ReportMaker 1) Rejected packet because no packet found
2016-07-22 23:33:45,558 DEBUG c.t.a.p.r.ReportMaker 2) Rejected packet because no packet found
2016-07-22 23:33:45,558 DEBUG c.t.a.p.r.ReportMaker 3) Rejected packet because no packet found
2016-07-22 23:33:45,558 DEBUG c.t.a.p.r.ReportMaker 4) Rejected packet because no packet found
2016-07-22 23:33:45,559 DEBUG c.t.a.p.r.ReportMaker 5) Rejected packet because no packet found
